<?xml version="1.0" encoding="UTF-8"?>
<testsuite xmlns:xsi="http://www.w3.org/2001/XMLSchema-instance" xsi:noNamespaceSchemaLocation="https://maven.apache.org/surefire/maven-surefire-plugin/xsd/surefire-test-report.xsd" version="3.0.2" name="com.personality.individual.PersonalityInvolvementApplicationTests" time="8.461" tests="1" errors="0" skipped="0" failures="0">
  <properties>
[...]
</properties>
  <testcase name="contextLoads" classname="com.personality.individual.PersonalityInvolvementApplicationTests" time="0.527">
    <system-out><![CDATA[10:00:57.270 [main] INFO org.springframework.test.context.support.AnnotationConfigContextLoaderUtils -- Could not detect default configuration classes for test class [com.personality.individual.PersonalityInvolvementApplicationTests]: PersonalityInvolvementApplicationTests does not declare any static, non-private, non-final, nested classes annotated with @Configuration.
10:00:57.492 [main] INFO org.springframework.boot.test.context.SpringBootTestContextBootstrapper -- Found @SpringBootConfiguration com.personality.individual.PersonalityInvolvementApplication for test class com.personality.individual.PersonalityInvolvementApplicationTests

  .   ____          _            __ _ _
 /\\ / ___'_ __ _ _(_)_ __  __ _ \ \ \ \
( ( )\___ | '_ | '_| | '_ \/ _` | \ \ \ \
 \\/  ___)| |_)| | | | | || (_| |  ) ) ) )
  '  |____| .__|_| |_|_| |_\__, | / / / /
 =========|_|==============|___/=/_/_/_/

 :: Spring Boot ::                (v3.5.9)

2026-01-07T10:00:58.436+05:30  INFO 14520 --- [PersonalityInvolvement] [           main] i.PersonalityInvolvementApplicationTests : Starting PersonalityInvolvementApplicationTests using Java 17.0.11 with PID 14520 (started by Namra in D:\individual)
2026-01-07T10:00:58.439+05:30  INFO 14520 --- [PersonalityInvolvement] [           main] i.PersonalityInvolvementApplicationTests : No active profile set, falling back to 1 default profile: "default"
2026-01-07T10:00:59.729+05:30  INFO 14520 --- [PersonalityInvolvement] [           main] .s.d.r.c.RepositoryConfigurationDelegate : Bootstrapping Spring Data JPA repositories in DEFAULT mode.
2026-01-07T10:00:59.848+05:30  INFO 14520 --- [PersonalityInvolvement] [           main] .s.d.r.c.RepositoryConfigurationDelegate : Finished Spring Data repository scanning in 99 ms. Found 1 JPA repository interface.
2026-01-07T10:01:00.677+05:30  INFO 14520 --- [PersonalityInvolvement] [           main] o.hibernate.jpa.internal.util.LogHelper  : HHH000204: Processing PersistenceUnitInfo [name: default]
2026-01-07T10:01:00.813+05:30  INFO 14520 --- [PersonalityInvolvement] [           main] org.hibernate.Version                    : HHH000412: Hibernate ORM core version 6.6.39.Final
2026-01-07T10:01:00.897+05:30  INFO 14520 --- [PersonalityInvolvement] [           main] o.h.c.internal.RegionFactoryInitiator    : HHH000026: Second-level cache disabled
2026-01-07T10:01:01.655+05:30  INFO 14520 --- [PersonalityInvolvement] [           main] o.s.o.j.p.SpringPersistenceUnitInfo      : No LoadTimeWeaver setup: ignoring JPA class transformer
2026-01-07T10:01:01.737+05:30  INFO 14520 --- [PersonalityInvolvement] [           main] com.zaxxer.hikari.HikariDataSource       : HikariPool-1 - Starting...
2026-01-07T10:01:02.343+05:30  INFO 14520 --- [PersonalityInvolvement] [           main] com.zaxxer.hikari.pool.HikariPool        : HikariPool-1 - Added connection com.mysql.cj.jdbc.ConnectionImpl@3d53e876
2026-01-07T10:01:02.347+05:30  INFO 14520 --- [PersonalityInvolvement] [           main] com.zaxxer.hikari.HikariDataSource       : HikariPool-1 - Start completed.
2026-01-07T10:01:02.521+05:30  INFO 14520 --- [PersonalityInvolvement] [           main] org.hibernate.orm.connections.pooling    : HHH10001005: Database info:
	Database JDBC URL [Connecting through datasource 'HikariDataSource (HikariPool-1)']
	Database driver: undefined/unknown
	Database version: 8.0.39
	Autocommit mode: undefined/unknown
	Isolation level: undefined/unknown
	Minimum pool size: undefined/unknown
	Maximum pool size: undefined/unknown
2026-01-07T10:01:03.645+05:30  INFO 14520 --- [PersonalityInvolvement] [           main] o.h.e.t.j.p.i.JtaPlatformInitiator       : HHH000489: No JTA platform available (set 'hibernate.transaction.jta.platform' to enable JTA platform integration)
2026-01-07T10:01:03.729+05:30  INFO 14520 --- [PersonalityInvolvement] [           main] j.LocalContainerEntityManagerFactoryBean : Initialized JPA EntityManagerFactory for persistence unit 'default'
2026-01-07T10:01:04.246+05:30  WARN 14520 --- [PersonalityInvolvement] [           main] JpaBaseConfiguration$JpaWebConfiguration : spring.jpa.open-in-view is enabled by default. Therefore, database queries may be performed during view rendering. Explicitly configure spring.jpa.open-in-view to disable this warning
2026-01-07T10:01:04.282+05:30  INFO 14520 --- [PersonalityInvolvement] [           main] o.s.b.a.w.s.WelcomePageHandlerMapping    : Adding welcome page template: index
2026-01-07T10:01:04.893+05:30  INFO 14520 --- [PersonalityInvolvement] [           main] i.PersonalityInvolvementApplicationTests : Started PersonalityInvolvementApplicationTests in 7.029 seconds (process running for 9.067)
]]></system-out>
  </testcase>
</testsuite>